# JRE version: Java(TM) SE Runtime Environment (8.0_101-b13) (build 1.8.0_101-b13)
# Java VM: Java HotSpot(TM) 64-Bit Server VM (25.101-b13 mixed mode bsd-amd64 compressed oops)
Heap:
 PSYoungGen      total 141312K, used 72075K [0x000000076ab00000, 0x0000000777700000, 0x00000007c0000000)
  eden space 131072K, 47% used [0x000000076ab00000,0x000000076e76a1c8,0x0000000772b00000)
  from space 10240K, 99% used [0x0000000772b00000,0x00000007734f8c48,0x0000000773500000)
  to   space 12800K, 0% used [0x0000000776a80000,0x0000000776a80000,0x0000000777700000)
 ParOldGen       total 158208K, used 12748K [0x00000006c0000000, 0x00000006c9a80000, 0x000000076ab00000)
  object space 158208K, 8% used [0x00000006c0000000,0x00000006c0c73140,0x00000006c9a80000)
 Metaspace       used 57574K, capacity 57918K, committed 57984K, reserved 1099776K
  class space    used 8467K, capacity 8561K, committed 8576K, reserved 1048576K
GC Heap History (10 events):
Event: 4.992 GC heap before
{Heap before GC invocations=5 (full 1):
 PSYoungGen      total 76288K, used 74110K [0x000000076ab00000, 0x0000000771e80000, 0x00000007c0000000)
  eden space 65536K, 100% used [0x000000076ab00000,0x000000076eb00000,0x000000076eb00000)
  from space 10752K, 79% used [0x000000076eb00000,0x000000076f35f9e8,0x000000076f580000)
  to   space 10752K, 0% used [0x0000000771400000,0x0000000771400000,0x0000000771e80000)
 ParOldGen       total 105984K, used 7467K [0x00000006c0000000, 0x00000006c6780000, 0x000000076ab00000)
  object space 105984K, 7% used [0x00000006c0000000,0x00000006c074add0,0x00000006c6780000)
 Metaspace       used 33009K, capacity 33132K, committed 33280K, reserved 1077248K
  class space    used 4556K, capacity 4596K, committed 4608K, reserved 1048576K
Event: 4.999 GC heap after
Heap after GC invocations=5 (full 1):
 PSYoungGen      total 100864K, used 7546K [0x000000076ab00000, 0x0000000771b80000, 0x00000007c0000000)
  eden space 93184K, 0% used [0x000000076ab00000,0x000000076ab00000,0x0000000770600000)
  from space 7680K, 98% used [0x0000000771400000,0x0000000771b5eb98,0x0000000771b80000)
  to   space 10752K, 0% used [0x0000000770680000,0x0000000770680000,0x0000000771100000)
 ParOldGen       total 105984K, used 7475K [0x00000006c0000000, 0x00000006c6780000, 0x000000076ab00000)
  object space 105984K, 7% used [0x00000006c0000000,0x00000006c074cdd0,0x00000006c6780000)
 Metaspace       used 33009K, capacity 33132K, committed 33280K, reserved 1077248K
  class space    used 4556K, capacity 4596K, committed 4608K, reserved 1048576K
}
Event: 5.726 GC heap before
{Heap before GC invocations=6 (full 1):
 PSYoungGen      total 100864K, used 32101K [0x000000076ab00000, 0x0000000771b80000, 0x00000007c0000000)
  eden space 93184K, 26% used [0x000000076ab00000,0x000000076c2fa8d8,0x0000000770600000)
  from space 7680K, 98% used [0x0000000771400000,0x0000000771b5eb98,0x0000000771b80000)
  to   space 10752K, 0% used [0x0000000770680000,0x0000000770680000,0x0000000771100000)
 ParOldGen       total 105984K, used 7475K [0x00000006c0000000, 0x00000006c6780000, 0x000000076ab00000)
  object space 105984K, 7% used [0x00000006c0000000,0x00000006c074cdd0,0x00000006c6780000)
 Metaspace       used 35049K, capacity 35186K, committed 35456K, reserved 1079296K
  class space    used 4852K, capacity 4917K, committed 4992K, reserved 1048576K
Event: 5.731 GC heap after
Heap after GC invocations=6 (full 1):
 PSYoungGen      total 104448K, used 6349K [0x000000076ab00000, 0x0000000773f00000, 0x00000007c0000000)
  eden space 93696K, 0% used [0x000000076ab00000,0x000000076ab00000,0x0000000770680000)
  from space 10752K, 59% used [0x0000000770680000,0x0000000770cb3748,0x0000000771100000)
  to   space 10240K, 0% used [0x0000000773500000,0x0000000773500000,0x0000000773f00000)
 ParOldGen       total 105984K, used 7475K [0x00000006c0000000, 0x00000006c6780000, 0x000000076ab00000)
  object space 105984K, 7% used [0x00000006c0000000,0x00000006c074cdd0,0x00000006c6780000)
 Metaspace       used 35049K, capacity 35186K, committed 35456K, reserved 1079296K
  class space    used 4852K, capacity 4917K, committed 4992K, reserved 1048576K
}
Event: 5.731 GC heap before
{Heap before GC invocations=7 (full 2):
 PSYoungGen      total 104448K, used 6349K [0x000000076ab00000, 0x0000000773f00000, 0x00000007c0000000)
  eden space 93696K, 0% used [0x000000076ab00000,0x000000076ab00000,0x0000000770680000)
  from space 10752K, 59% used [0x0000000770680000,0x0000000770cb3748,0x0000000771100000)
  to   space 10240K, 0% used [0x0000000773500000,0x0000000773500000,0x0000000773f00000)
 ParOldGen       total 105984K, used 7475K [0x00000006c0000000, 0x00000006c6780000, 0x000000076ab00000)
  object space 105984K, 7% used [0x00000006c0000000,0x00000006c074cdd0,0x00000006c6780000)
 Metaspace       used 35049K, capacity 35186K, committed 35456K, reserved 1079296K
  class space    used 4852K, capacity 4917K, committed 4992K, reserved 1048576K
Event: 5.750 GC heap after
Heap after GC invocations=7 (full 2):
 PSYoungGen      total 104448K, used 0K [0x000000076ab00000, 0x0000000773f00000, 0x00000007c0000000)
  eden space 93696K, 0% used [0x000000076ab00000,0x000000076ab00000,0x0000000770680000)
  from space 10752K, 0% used [0x0000000770680000,0x0000000770680000,0x0000000771100000)
  to   space 10240K, 0% used [0x0000000773500000,0x0000000773500000,0x0000000773f00000)
 ParOldGen       total 158208K, used 9560K [0x00000006c0000000, 0x00000006c9a80000, 0x000000076ab00000)
  object space 158208K, 6% used [0x00000006c0000000,0x00000006c0956098,0x00000006c9a80000)
 Metaspace       used 35049K, capacity 35186K, committed 35456K, reserved 1079296K
  class space    used 4852K, capacity 4917K, committed 4992K, reserved 1048576K
}
Event: 8.452 GC heap before
{Heap before GC invocations=8 (full 2):
 PSYoungGen      total 104448K, used 93696K [0x000000076ab00000, 0x0000000773f00000, 0x00000007c0000000)
  eden space 93696K, 100% used [0x000000076ab00000,0x0000000770680000,0x0000000770680000)
  from space 10752K, 0% used [0x0000000770680000,0x0000000770680000,0x0000000771100000)
  to   space 10240K, 0% used [0x0000000773500000,0x0000000773500000,0x0000000773f00000)
 ParOldGen       total 158208K, used 9560K [0x00000006c0000000, 0x00000006c9a80000, 0x000000076ab00000)
  object space 158208K, 6% used [0x00000006c0000000,0x00000006c0956098,0x00000006c9a80000)
 Metaspace       used 42629K, capacity 42770K, committed 43136K, reserved 1085440K
  class space    used 6102K, capacity 6165K, committed 6272K, reserved 1048576K
Event: 8.459 GC heap after
Heap after GC invocations=8 (full 2):
 PSYoungGen      total 141312K, used 7850K [0x000000076ab00000, 0x0000000774380000, 0x00000007c0000000)
  eden space 131072K, 0% used [0x000000076ab00000,0x000000076ab00000,0x0000000772b00000)
  from space 10240K, 76% used [0x0000000773500000,0x0000000773caa938,0x0000000773f00000)
  to   space 10240K, 0% used [0x0000000772b00000,0x0000000772b00000,0x0000000773500000)
 ParOldGen       total 158208K, used 9560K [0x00000006c0000000, 0x00000006c9a80000, 0x000000076ab00000)
  object space 158208K, 6% used [0x00000006c0000000,0x00000006c0956098,0x00000006c9a80000)
 Metaspace       used 42629K, capacity 42770K, committed 43136K, reserved 1085440K
  class space    used 6102K, capacity 6165K, committed 6272K, reserved 1048576K
}
Event: 16.134 GC heap before
{Heap before GC invocations=9 (full 2):
 PSYoungGen      total 141312K, used 138922K [0x000000076ab00000, 0x0000000774380000, 0x00000007c0000000)
  eden space 131072K, 100% used [0x000000076ab00000,0x0000000772b00000,0x0000000772b00000)
  from space 10240K, 76% used [0x0000000773500000,0x0000000773caa938,0x0000000773f00000)
  to   space 10240K, 0% used [0x0000000772b00000,0x0000000772b00000,0x0000000773500000)
 ParOldGen       total 158208K, used 9560K [0x00000006c0000000, 0x00000006c9a80000, 0x000000076ab00000)
  object space 158208K, 6% used [0x00000006c0000000,0x00000006c0956098,0x00000006c9a80000)
 Metaspace       used 51645K, capacity 51842K, committed 52224K, reserved 1093632K
  class space    used 7504K, capacity 7588K, committed 7680K, reserved 1048576K
Event: 16.147 GC heap after
Heap after GC invocations=9 (full 2):
 PSYoungGen      total 141312K, used 10211K [0x000000076ab00000, 0x0000000777700000, 0x00000007c0000000)
  eden space 131072K, 0% used [0x000000076ab00000,0x000000076ab00000,0x0000000772b00000)
  from space 10240K, 99% used [0x0000000772b00000,0x00000007734f8c48,0x0000000773500000)
  to   space 12800K, 0% used [0x0000000776a80000,0x0000000776a80000,0x0000000777700000)
 ParOldGen       total 158208K, used 12748K [0x00000006c0000000, 0x00000006c9a80000, 0x000000076ab00000)
  object space 158208K, 8% used [0x00000006c0000000,0x00000006c0c73140,0x00000006c9a80000)
 Metaspace       used 51645K, capacity 51842K, committed 52224K, reserved 1093632K
  class space    used 7504K, capacity 7588K, committed 7680K, reserved 1048576K
}

